SF:lib/business_logic/cubit/password_visibility_state.dart
DA:7,3
DA:9,1
DA:10,2
DA:14,1
LF:4
LH:4
end_of_record
SF:lib/business_logic/cubit/password_visibility_cubit.dart
DA:7,2
DA:10,1
DA:11,4
LF:3
LH:3
end_of_record
SF:lib/business_logic/cubit/landing_page_state.dart
DA:13,2
DA:15,1
DA:16,3
DA:20,4
LF:4
LH:4
end_of_record
SF:lib/business_logic/cubit/landing_page_cubit.dart
DA:7,6
DA:10,2
DA:11,4
LF:3
LH:3
end_of_record
SF:lib/business_logic/cubit/auth_textfield_cubit.dart
DA:7,2
DA:11,1
DA:12,2
DA:14,2
LF:4
LH:4
end_of_record
SF:lib/business_logic/cubit/auth_textfield_state.dart
DA:7,3
DA:8,1
DA:9,2
DA:13,1
LF:4
LH:4
end_of_record
SF:lib/business_logic/cubit/pokemon_bottom_nav_bar_cubit.dart
DA:7,2
DA:9,1
DA:10,2
LF:3
LH:3
end_of_record
SF:lib/business_logic/cubit/pokemon_bottom_nav_bar_state.dart
DA:6,3
DA:7,1
DA:8,2
DA:12,1
LF:4
LH:4
end_of_record
SF:lib/business_logic/bloc/auth_state.dart
DA:6,0
DA:7,0
DA:8,0
DA:9,0
DA:17,6
DA:23,1
DA:28,1
DA:29,0
DA:30,1
DA:31,1
DA:35,1
DA:36,4
LF:12
LH:7
end_of_record
SF:lib/business_logic/bloc/auth_event.dart
DA:6,1
DA:10,0
DA:11,0
DA:15,1
DA:19,0
DA:20,0
DA:24,1
DA:28,0
DA:29,0
LF:9
LH:3
end_of_record
SF:lib/business_logic/bloc/auth_bloc.dart
DA:13,2
DA:14,2
DA:15,2
DA:16,2
DA:19,1
DA:21,3
DA:23,4
DA:24,3
DA:26,4
DA:30,1
DA:31,4
DA:33,3
DA:35,4
DA:36,3
DA:38,4
DA:42,1
DA:43,4
DA:45,3
DA:47,4
DA:48,3
DA:50,4
LF:21
LH:21
end_of_record
SF:lib/data/models/processed/user.dart
DA:17,3
DA:26,0
DA:27,0
DA:28,0
DA:29,0
DA:30,0
DA:31,0
DA:32,0
DA:33,0
DA:34,0
DA:36,1
DA:44,1
DA:45,1
DA:46,0
DA:47,1
DA:48,1
DA:49,1
DA:50,1
DA:51,1
DA:54,2
DA:56,16
LF:21
LH:11
end_of_record
SF:lib/data/repositories/auth_repository.dart
DA:8,0
DA:9,0
DA:12,0
DA:14,0
DA:15,0
DA:18,0
DA:19,0
DA:21,0
DA:26,0
DA:30,0
DA:32,0
DA:33,0
DA:36,0
DA:37,0
DA:40,0
DA:44,0
DA:46,0
DA:47,0
DA:50,0
LF:19
LH:0
end_of_record
SF:lib/api_config.dart
DA:5,0
DA:7,0
DA:8,0
DA:10,0
DA:17,0
LF:5
LH:0
end_of_record
SF:lib/data/dataproviders/auth_service.dart
DA:8,0
DA:11,0
DA:13,0
DA:15,0
DA:16,0
DA:17,0
DA:18,0
DA:20,0
DA:21,0
DA:22,0
DA:24,0
DA:25,0
DA:26,0
DA:28,0
DA:31,0
DA:32,0
DA:35,0
DA:39,0
DA:41,0
DA:42,0
DA:43,0
DA:44,0
DA:47,0
DA:49,0
DA:50,0
DA:51,0
DA:53,0
DA:56,0
DA:57,0
DA:61,0
DA:62,0
DA:64,0
DA:65,0
DA:69,0
LF:34
LH:0
end_of_record
SF:lib/data/models/raw/raw_user.dart
DA:17,0
DA:27,0
DA:28,0
DA:30,0
LF:4
LH:0
end_of_record
SF:lib/data/models/raw/raw_user.g.dart
DA:9,0
DA:10,0
DA:11,0
DA:12,0
DA:13,0
DA:14,0
DA:15,0
DA:16,0
DA:17,0
DA:20,0
DA:21,0
DA:22,0
DA:23,0
DA:24,0
DA:25,0
DA:26,0
DA:27,0
DA:28,0
LF:18
LH:0
end_of_record
SF:lib/business_logic/bloc/pokemon_event.dart
DA:8,1
DA:10,0
DA:11,0
DA:16,1
DA:18,0
DA:19,0
DA:24,1
DA:26,0
DA:27,0
DA:32,1
DA:34,0
DA:35,0
DA:40,1
DA:42,0
DA:43,0
DA:47,0
DA:48,0
DA:52,1
DA:54,0
DA:55,0
DA:56,0
DA:61,1
DA:63,0
DA:64,0
DA:68,1
DA:70,0
DA:71,0
DA:72,0
DA:77,1
DA:79,0
DA:80,0
DA:81,0
DA:86,1
DA:90,0
DA:91,0
DA:95,1
DA:99,0
DA:100,0
DA:104,1
DA:107,0
DA:108,0
DA:109,0
DA:114,1
DA:116,0
DA:117,0
DA:121,1
DA:123,0
DA:124,0
LF:48
LH:14
end_of_record
SF:lib/business_logic/bloc/pokemon_state.dart
DA:8,0
DA:9,0
DA:10,0
DA:11,0
DA:30,3
DA:33,0
DA:34,0
DA:35,0
DA:36,0
DA:40,0
DA:41,0
DA:45,0
DA:49,0
DA:50,0
DA:52,0
DA:53,0
DA:54,0
DA:55,0
DA:57,0
DA:66,0
DA:70,0
DA:71,0
DA:73,0
DA:74,0
DA:75,0
DA:76,0
DA:77,0
DA:87,0
DA:88,0
DA:89,0
DA:90,0
DA:91,0
DA:94,0
DA:103,6
DA:119,1
DA:133,1
DA:134,1
DA:135,1
DA:136,1
DA:137,1
DA:138,1
DA:139,1
DA:140,1
DA:141,1
DA:142,1
DA:143,1
DA:144,2
DA:145,1
DA:150,1
DA:151,1
DA:152,1
DA:153,1
DA:154,1
DA:155,1
DA:156,1
DA:157,1
DA:158,1
DA:159,1
DA:160,1
DA:161,1
DA:162,1
DA:163,1
LF:62
LH:30
end_of_record
SF:lib/business_logic/bloc/pokemon_bloc.dart
DA:17,2
DA:18,2
DA:19,2
DA:21,2
DA:22,2
DA:23,2
DA:24,2
DA:25,2
DA:27,2
DA:28,2
DA:29,2
DA:30,2
DA:31,2
DA:32,2
DA:33,2
DA:34,2
DA:37,1
DA:39,4
DA:40,4
DA:41,1
DA:44,1
DA:46,3
DA:49,1
DA:52,9
DA:54,3
DA:57,1
DA:59,4
DA:61,3
DA:64,1
DA:66,3
DA:67,3
DA:69,3
DA:72,1
DA:74,3
DA:76,2
DA:77,2
DA:79,4
DA:80,3
DA:83,1
DA:85,2
DA:87,1
DA:88,10
DA:89,2
DA:90,4
DA:91,0
DA:94,3
DA:99,2
DA:100,2
DA:101,3
DA:103,2
DA:104,3
DA:109,3
DA:111,1
DA:116,1
DA:117,4
DA:119,3
DA:122,1
DA:124,9
DA:125,1
DA:126,4
DA:127,0
DA:131,3
DA:134,1
DA:135,4
DA:136,4
DA:137,1
DA:140,1
DA:142,1
DA:143,4
DA:144,0
DA:148,3
DA:152,1
DA:154,3
DA:156,3
DA:157,2
DA:158,2
DA:159,2
DA:161,4
DA:163,3
DA:166,2
DA:172,4
DA:179,1
DA:180,4
DA:183,3
DA:185,2
DA:186,1
DA:187,6
DA:188,1
DA:192,3
DA:194,3
DA:195,1
DA:196,4
DA:197,1
DA:201,2
DA:203,7
DA:204,1
DA:207,2
DA:208,1
DA:209,1
DA:211,1
DA:212,5
DA:214,0
DA:215,0
DA:217,0
DA:218,0
DA:222,3
DA:226,1
DA:227,4
DA:228,1
DA:232,1
DA:233,4
DA:234,1
DA:238,1
DA:239,4
DA:240,1
DA:244,1
DA:246,5
DA:247,1
DA:250,1
DA:251,3
DA:252,1
LF:121
LH:114
end_of_record
SF:lib/data/models/processed/evolution.dart
DA:7,4
DA:19,0
DA:20,0
DA:21,0
DA:22,0
DA:23,0
DA:24,0
DA:27,2
DA:28,10
DA:29,1
DA:34,1
DA:35,1
DA:36,0
DA:37,1
DA:38,1
LF:15
LH:8
end_of_record
SF:lib/data/models/processed/pokemon.dart
DA:28,2
DA:29,2
DA:30,4
DA:31,4
DA:32,4
DA:33,2
DA:34,2
DA:35,1
DA:51,0
DA:52,0
DA:53,0
DA:54,0
DA:55,0
DA:56,0
DA:58,0
DA:59,0
DA:74,0
DA:75,0
DA:76,0
DA:77,0
DA:80,0
DA:82,0
DA:85,0
DA:87,0
DA:89,0
DA:92,4
DA:110,0
DA:111,0
DA:112,0
DA:113,0
DA:114,0
DA:115,0
DA:116,0
DA:117,0
DA:118,0
DA:119,0
DA:120,0
DA:121,0
DA:122,0
DA:123,0
DA:124,0
DA:128,2
DA:129,2
DA:130,2
DA:131,2
DA:132,2
DA:133,2
DA:134,2
DA:135,2
DA:136,2
DA:137,2
DA:138,2
DA:139,2
DA:140,2
DA:141,2
DA:142,2
DA:143,2
DA:145,2
DA:161,2
DA:162,2
DA:163,2
DA:164,2
DA:165,2
DA:166,2
DA:167,2
DA:168,2
DA:169,2
DA:170,2
DA:171,2
DA:172,2
DA:173,1
DA:174,2
DA:175,2
DA:176,3
LF:74
LH:42
end_of_record
SF:lib/data/models/processed/region.dart
DA:6,5
DA:18,0
DA:19,0
DA:20,0
DA:21,0
DA:22,0
DA:23,0
DA:26,2
DA:27,10
DA:28,2
DA:29,2
DA:30,2
DA:31,0
DA:32,2
DA:33,2
LF:15
LH:8
end_of_record
SF:lib/data/models/processed/type.dart
DA:11,12
DA:29,0
DA:30,0
DA:31,0
DA:32,0
DA:33,0
DA:34,0
DA:35,0
DA:36,0
DA:40,2
DA:42,14
DA:43,2
DA:51,2
DA:52,2
DA:53,2
DA:54,1
DA:55,2
DA:56,2
DA:57,2
DA:60,0
DA:62,0
LF:21
LH:11
end_of_record
SF:lib/data/models/processed/type.g.dart
DA:9,0
DA:10,0
DA:11,0
DA:12,0
DA:13,0
DA:14,0
DA:15,0
DA:18,0
DA:19,0
DA:20,0
DA:21,0
DA:22,0
DA:23,0
DA:24,0
LF:14
LH:0
end_of_record
SF:lib/data/models/raw/raw_favourite.dart
DA:12,0
DA:13,0
DA:15,1
DA:18,0
LF:4
LH:1
end_of_record
SF:lib/data/models/raw/raw_favourite.g.dart
DA:9,0
DA:10,0
DA:11,0
DA:12,0
DA:15,0
DA:16,0
DA:17,0
DA:18,0
DA:19,0
LF:9
LH:0
end_of_record
SF:lib/data/repositories/pokemon_repository.dart
DA:10,0
DA:11,0
DA:15,0
DA:17,0
DA:18,0
DA:21,0
DA:23,0
DA:25,0
DA:26,0
DA:35,0
DA:38,0
DA:46,0
DA:48,0
DA:54,0
DA:56,0
DA:58,0
DA:59,0
DA:68,0
DA:70,0
DA:72,0
DA:73,0
DA:74,0
DA:88,0
DA:96,0
DA:98,0
DA:99,0
DA:100,0
DA:102,0
DA:103,0
DA:106,0
DA:107,0
DA:110,0
DA:111,0
DA:112,0
DA:113,0
DA:114,0
DA:119,0
DA:120,0
DA:121,0
DA:123,0
LF:40
LH:0
end_of_record
SF:lib/data/dataproviders/pokemon_service.dart
DA:15,0
DA:17,0
DA:22,0
DA:23,0
DA:24,0
DA:25,0
DA:26,0
DA:30,0
DA:32,0
DA:33,0
DA:34,0
DA:36,0
DA:39,0
DA:40,0
DA:46,0
DA:49,0
DA:50,0
DA:51,0
DA:53,0
DA:54,0
DA:55,0
DA:60,0
DA:61,0
DA:62,0
DA:65,0
DA:67,0
DA:68,0
DA:71,0
DA:72,0
DA:73,0
DA:74,0
DA:76,0
DA:80,0
DA:84,0
DA:85,0
DA:86,0
DA:89,0
DA:90,0
DA:94,0
DA:95,0
DA:96,0
DA:97,0
DA:101,0
DA:102,0
DA:103,0
DA:109,0
DA:110,0
DA:114,0
DA:115,0
DA:117,0
DA:118,0
DA:120,0
DA:121,0
DA:123,0
DA:124,0
DA:126,0
DA:127,0
LF:57
LH:0
end_of_record
SF:lib/data/models/raw/raw_evolution.dart
DA:8,0
DA:19,0
DA:20,0
DA:22,0
LF:4
LH:0
end_of_record
SF:lib/data/models/raw/raw_evolution.g.dart
DA:9,0
DA:10,0
DA:11,0
DA:12,0
DA:13,0
DA:16,0
DA:17,0
DA:18,0
DA:19,0
DA:20,0
DA:21,0
LF:11
LH:0
end_of_record
SF:lib/data/models/raw/raw_pokemon.dart
DA:23,0
DA:38,0
DA:39,0
DA:41,0
LF:4
LH:0
end_of_record
SF:lib/data/models/raw/raw_pokemon.g.dart
DA:9,0
DA:10,0
DA:11,0
DA:12,0
DA:13,0
DA:14,0
DA:15,0
DA:16,0
DA:17,0
DA:18,0
DA:19,0
DA:20,0
DA:21,0
DA:22,0
DA:23,0
DA:24,0
DA:27,0
DA:28,0
DA:29,0
DA:30,0
DA:31,0
DA:32,0
DA:33,0
DA:34,0
DA:35,0
DA:36,0
DA:37,0
DA:38,0
DA:39,0
DA:40,0
DA:41,0
LF:31
LH:0
end_of_record
SF:lib/data/models/raw/raw_region.dart
DA:8,0
DA:19,0
DA:20,0
DA:22,0
LF:4
LH:0
end_of_record
SF:lib/data/models/raw/raw_region.g.dart
DA:9,0
DA:10,0
DA:11,0
DA:12,0
DA:13,0
DA:16,0
DA:17,0
DA:18,0
DA:19,0
DA:20,0
LF:10
LH:0
end_of_record
SF:lib/data/models/raw/raw_type.dart
DA:16,0
DA:17,0
DA:19,0
DA:28,0
LF:4
LH:0
end_of_record
SF:lib/data/models/raw/raw_type.g.dart
DA:9,0
DA:10,0
DA:11,0
DA:12,0
DA:13,0
DA:14,0
DA:15,0
DA:18,0
DA:19,0
DA:20,0
DA:21,0
DA:22,0
DA:23,0
DA:24,0
LF:14
LH:0
end_of_record
SF:lib/business_logic/bloc/admin_bloc.dart
DA:19,2
DA:20,2
DA:21,2
DA:23,2
DA:24,2
DA:25,2
DA:26,2
DA:27,2
DA:28,2
DA:30,2
DA:31,2
DA:32,2
DA:33,2
DA:34,2
DA:35,2
DA:36,2
DA:37,2
DA:38,2
DA:39,2
DA:40,2
DA:41,2
DA:42,2
DA:43,2
DA:44,2
DA:46,2
DA:47,2
DA:48,2
DA:49,2
DA:50,2
DA:51,2
DA:52,2
DA:53,2
DA:55,2
DA:56,2
DA:57,2
DA:58,2
DA:60,2
DA:61,2
DA:62,2
DA:63,2
DA:66,1
DA:68,3
DA:70,4
DA:71,1
DA:72,1
DA:74,3
DA:75,3
DA:78,1
DA:80,3
DA:86,1
DA:88,3
DA:93,1
DA:95,3
DA:97,2
DA:101,1
DA:102,3
DA:104,2
DA:108,1
DA:110,3
DA:112,2
DA:113,3
DA:114,3
DA:115,1
DA:117,3
DA:119,2
DA:124,1
DA:126,3
DA:128,5
DA:129,3
DA:130,2
DA:132,3
DA:134,2
DA:139,1
DA:140,2
DA:142,1
DA:143,2
DA:144,1
DA:145,0
DA:146,1
DA:149,4
DA:152,1
DA:154,3
DA:156,2
DA:157,5
DA:159,3
DA:161,1
DA:162,1
DA:164,3
DA:166,2
DA:171,1
DA:172,3
DA:173,2
DA:176,1
DA:178,3
DA:180,2
DA:184,1
DA:185,3
DA:186,1
DA:189,1
DA:191,3
DA:193,1
DA:202,1
DA:204,3
DA:206,5
DA:207,3
DA:208,2
DA:210,3
DA:212,2
DA:217,1
DA:219,5
DA:220,1
DA:223,1
DA:225,3
DA:227,1
DA:230,5
DA:231,2
DA:232,1
DA:233,3
DA:234,3
DA:236,1
DA:241,1
DA:243,5
DA:244,2
DA:246,2
DA:247,2
DA:248,6
DA:250,0
DA:252,2
DA:253,1
DA:257,1
DA:260,1
DA:261,1
DA:262,1
DA:263,2
DA:264,1
DA:265,3
DA:270,3
DA:274,2
DA:276,3
DA:278,2
DA:283,1
DA:284,3
DA:285,2
DA:287,4
DA:289,3
DA:292,1
DA:293,3
DA:295,7
DA:297,7
DA:298,7
DA:302,1
DA:303,3
DA:306,1
DA:308,3
DA:313,1
DA:315,3
DA:316,2
DA:319,5
DA:320,1
DA:322,3
DA:323,4
DA:327,3
DA:331,1
DA:332,3
DA:337,1
DA:339,3
DA:344,1
DA:346,3
DA:347,2
DA:350,5
DA:351,1
DA:353,3
DA:354,4
DA:358,3
DA:362,1
DA:364,3
DA:366,3
DA:367,4
DA:368,1
DA:371,3
DA:375,1
DA:377,3
DA:379,3
DA:380,4
DA:381,1
DA:384,3
DA:388,1
DA:390,3
DA:392,3
DA:393,4
DA:394,1
DA:397,3
DA:401,1
DA:403,3
DA:405,3
DA:406,4
DA:407,1
DA:410,3
DA:414,1
DA:416,3
DA:418,3
DA:419,4
DA:420,1
DA:423,3
DA:427,1
DA:429,3
DA:431,3
DA:432,4
DA:433,1
DA:436,3
DA:440,1
DA:441,3
DA:443,3
DA:444,4
DA:445,1
DA:448,3
DA:452,1
DA:454,1
DA:464,2
DA:467,1
DA:470,1
DA:479,7
DA:482,7
DA:484,2
DA:485,1
DA:486,4
DA:488,3
DA:493,1
DA:496,1
DA:498,1
DA:499,2
DA:501,1
DA:512,1
DA:514,3
DA:516,2
DA:517,1
DA:518,2
DA:519,2
DA:520,1
DA:521,3
DA:522,3
DA:523,1
DA:525,3
DA:527,2
DA:532,1
DA:534,3
DA:537,5
DA:538,3
DA:539,2
DA:541,3
DA:543,2
DA:548,1
DA:550,3
DA:553,2
DA:554,5
DA:555,3
DA:556,3
DA:557,1
DA:559,3
DA:561,2
DA:566,1
DA:568,2
DA:570,3
DA:572,1
DA:573,3
DA:574,3
DA:575,3
DA:579,1
DA:580,1
DA:581,1
DA:582,1
DA:584,3
DA:585,2
DA:586,1
DA:591,1
DA:592,3
DA:594,1
DA:595,1
DA:598,1
DA:600,3
DA:601,2
DA:604,1
DA:606,3
DA:608,3
DA:609,3
DA:611,3
DA:612,2
DA:616,1
DA:618,3
DA:620,2
DA:621,1
DA:622,1
DA:623,1
DA:624,1
DA:627,4
DA:628,3
DA:629,1
DA:631,3
DA:633,3
DA:635,2
LF:300
LH:298
end_of_record
SF:lib/business_logic/bloc/admin_event.dart
DA:6,1
DA:8,0
DA:9,0
DA:13,1
DA:21,0
DA:22,0
DA:26,1
DA:28,0
DA:29,0
DA:33,0
DA:34,0
DA:38,1
DA:43,0
DA:44,0
DA:48,1
DA:52,0
DA:53,0
DA:57,1
DA:60,0
DA:61,0
DA:65,1
DA:71,0
DA:72,0
DA:73,0
DA:74,0
DA:79,1
DA:80,0
DA:81,0
DA:85,1
DA:87,0
DA:88,0
DA:92,1
DA:98,0
DA:99,0
DA:100,0
DA:105,1
DA:109,0
DA:110,0
DA:111,0
DA:116,1
DA:122,0
DA:123,0
DA:124,0
DA:129,1
DA:133,0
DA:134,0
DA:135,0
DA:140,1
DA:144,0
DA:145,0
DA:149,1
DA:155,0
DA:156,0
DA:157,0
DA:162,1
DA:165,0
DA:166,0
DA:170,1
DA:171,0
DA:172,0
DA:176,1
DA:177,0
DA:178,0
DA:182,1
DA:183,0
DA:184,0
DA:188,1
DA:191,0
DA:192,0
DA:196,1
DA:199,0
DA:200,0
DA:204,0
DA:205,0
DA:209,0
DA:210,0
DA:214,1
DA:216,0
DA:217,0
DA:221,1
DA:223,0
DA:224,0
DA:228,1
DA:231,0
DA:232,0
DA:236,1
DA:237,0
DA:238,0
DA:242,1
DA:244,0
DA:245,0
DA:249,0
DA:250,0
DA:254,1
DA:256,0
DA:257,0
DA:261,1
DA:267,0
DA:268,0
DA:272,1
DA:276,0
DA:277,0
DA:278,0
DA:279,0
DA:284,1
DA:287,0
DA:288,0
DA:292,1
DA:295,0
DA:296,0
DA:300,1
DA:302,0
DA:303,0
DA:307,1
DA:309,0
DA:310,0
DA:314,1
DA:315,0
DA:316,0
DA:320,1
DA:322,0
DA:323,0
LF:122
LH:35
end_of_record
SF:lib/business_logic/bloc/admin_state.dart
DA:19,0
DA:20,0
DA:21,0
DA:22,0
DA:23,0
DA:24,0
DA:25,0
DA:26,0
DA:27,0
DA:28,0
DA:29,0
DA:30,0
DA:34,3
DA:63,1
DA:77,1
DA:79,2
DA:81,1
DA:82,1
DA:84,2
DA:86,1
DA:87,1
DA:88,1
DA:89,2
DA:90,1
DA:91,2
DA:93,2
DA:94,1
DA:95,1
DA:96,1
DA:97,1
DA:100,1
DA:101,1
DA:102,1
DA:103,1
DA:104,1
DA:105,1
DA:106,1
DA:107,2
DA:108,2
DA:109,1
DA:110,1
DA:111,1
DA:112,1
DA:113,1
DA:114,5
LF:45
LH:33
end_of_record
SF:lib/data/repositories/admin_repository.dart
DA:11,0
DA:12,0
DA:16,0
DA:22,0
DA:23,0
DA:30,0
DA:36,0
DA:37,0
DA:44,0
DA:46,0
DA:48,0
DA:56,0
DA:63,0
DA:69,0
DA:76,0
DA:82,0
DA:88,0
DA:91,0
DA:95,0
DA:99,0
DA:102,0
DA:110,0
DA:111,0
DA:114,0
DA:118,0
DA:122,0
DA:125,0
DA:129,0
DA:135,0
DA:139,0
DA:145,0
DA:149,0
LF:32
LH:0
end_of_record
SF:lib/data/dataproviders/admin_service.dart
DA:15,0
DA:18,0
DA:20,0
DA:23,0
DA:24,0
DA:25,0
DA:26,0
DA:27,0
DA:28,0
DA:29,0
DA:30,0
DA:31,0
DA:32,0
DA:33,0
DA:34,0
DA:35,0
DA:37,0
DA:38,0
DA:39,0
DA:41,0
DA:42,0
DA:43,0
DA:45,0
DA:46,0
DA:47,0
DA:49,0
DA:52,0
DA:53,0
DA:56,0
DA:60,0
DA:63,0
DA:64,0
DA:65,0
DA:66,0
DA:67,0
DA:68,0
DA:69,0
DA:70,0
DA:72,0
DA:73,0
DA:74,0
DA:76,0
DA:77,0
DA:78,0
DA:80,0
DA:83,0
DA:84,0
DA:87,0
DA:91,0
DA:93,0
DA:94,0
DA:95,0
DA:96,0
DA:97,0
DA:98,0
DA:100,0
DA:101,0
DA:102,0
DA:104,0
DA:105,0
DA:106,0
DA:108,0
DA:111,0
DA:112,0
DA:115,0
DA:119,0
DA:125,0
DA:126,0
DA:127,0
DA:128,0
DA:129,0
DA:131,0
DA:134,0
DA:136,0
DA:137,0
DA:138,0
DA:140,0
DA:143,0
DA:144,0
DA:148,0
DA:153,0
DA:154,0
DA:155,0
DA:158,0
DA:159,0
DA:161,0
DA:164,0
DA:165,0
DA:166,0
DA:167,0
DA:169,0
DA:172,0
DA:173,0
DA:174,0
DA:178,0
DA:182,0
DA:183,0
DA:184,0
DA:187,0
DA:188,0
DA:192,0
DA:193,0
DA:194,0
DA:195,0
DA:199,0
DA:204,0
DA:205,0
DA:206,0
DA:209,0
DA:210,0
DA:214,0
DA:215,0
DA:216,0
DA:219,0
DA:221,0
DA:222,0
DA:225,0
DA:226,0
DA:227,0
DA:228,0
DA:230,0
DA:234,0
DA:236,0
DA:237,0
DA:238,0
DA:239,0
DA:242,0
DA:251,0
DA:252,0
DA:255,0
DA:261,0
DA:262,0
DA:263,0
DA:266,0
DA:267,0
DA:270,0
DA:271,0
DA:277,0
DA:283,0
DA:284,0
DA:285,0
DA:288,0
DA:289,0
DA:292,0
DA:293,0
DA:299,0
DA:303,0
DA:304,0
DA:305,0
DA:308,0
DA:309,0
DA:312,0
DA:313,0
DA:319,0
DA:320,0
DA:321,0
DA:326,0
DA:327,0
DA:328,0
DA:333,0
DA:334,0
DA:335,0
LF:162
LH:0
end_of_record
SF:lib/presentation/views/onboarding/onboarding_auth_option_view.dart
DA:10,1
DA:12,1
DA:14,1
DA:16,1
DA:20,1
DA:21,1
DA:22,1
DA:25,1
DA:27,1
DA:37,1
DA:41,1
DA:42,2
DA:50,1
DA:52,1
DA:53,2
LF:15
LH:15
end_of_record
SF:lib/presentation/views/onboarding/onboarding_view.dart
DA:13,3
DA:15,1
DA:16,1
DA:23,1
DA:25,1
DA:26,2
DA:30,1
DA:32,2
DA:33,1
DA:37,1
DA:38,1
DA:39,2
DA:41,2
DA:45,1
DA:48,1
DA:49,2
DA:50,1
DA:52,1
DA:53,1
DA:54,1
DA:55,2
DA:56,1
DA:61,1
DA:62,1
DA:63,1
DA:66,1
DA:68,1
DA:70,1
DA:72,1
DA:74,1
DA:92,1
DA:93,1
DA:95,1
DA:97,1
DA:100,1
DA:104,3
DA:105,1
DA:107,1
DA:108,1
DA:113,1
DA:114,3
DA:116,4
LF:42
LH:42
end_of_record
SF:lib/presentation/pages/onboarding_page.dart
DA:10,6
DA:17,2
DA:19,2
DA:20,2
DA:21,2
DA:22,2
DA:24,2
DA:26,2
DA:27,2
DA:32,2
DA:34,2
DA:36,2
DA:38,2
DA:39,2
DA:41,2
DA:42,2
DA:51,2
DA:53,2
DA:54,2
LF:19
LH:19
end_of_record
SF:lib/presentation/widgets/other/flow_button.dart
DA:10,2
DA:18,2
DA:20,2
DA:21,4
DA:22,2
DA:24,2
DA:25,6
DA:26,2
DA:27,2
DA:28,2
DA:29,2
DA:33,2
LF:12
LH:12
end_of_record
SF:lib/presentation/widgets/pokemon/pokemon_tile.dart
DA:11,1
DA:14,1
DA:15,1
DA:18,1
DA:22,1
DA:24,4
DA:25,1
DA:26,1
DA:28,2
DA:29,1
DA:30,1
DA:31,1
DA:33,1
DA:35,3
DA:36,1
DA:37,1
DA:38,1
DA:40,1
DA:41,1
DA:47,5
DA:49,1
DA:51,1
DA:52,1
DA:54,1
DA:56,1
DA:57,2
DA:63,1
DA:65,1
DA:67,2
DA:71,1
DA:73,1
DA:74,1
DA:82,1
DA:84,1
DA:85,1
DA:86,1
DA:87,1
DA:92,4
DA:93,1
DA:96,1
DA:97,1
DA:98,1
DA:99,4
DA:101,1
DA:102,1
DA:103,3
DA:104,3
DA:105,1
DA:107,1
DA:108,1
DA:117,1
DA:120,3
DA:121,1
DA:123,2
DA:124,1
DA:126,0
DA:134,1
DA:135,1
DA:137,1
DA:138,2
DA:139,2
DA:140,1
DA:141,1
DA:142,1
DA:144,0
DA:151,1
DA:153,1
DA:155,1
DA:156,1
LF:69
LH:67
end_of_record
SF:lib/presentation/widgets/pokemon/pokemon_tile_types.dart
DA:12,1
DA:18,1
DA:21,4
DA:23,1
DA:24,1
DA:25,2
DA:26,1
DA:28,1
DA:29,1
DA:30,1
DA:31,1
DA:34,1
DA:35,4
DA:36,1
DA:38,1
DA:39,1
DA:40,2
DA:42,1
DA:43,2
DA:51,2
DA:52,0
DA:54,0
DA:55,0
DA:58,0
DA:59,0
DA:60,0
DA:62,0
DA:63,0
DA:64,0
DA:66,0
DA:67,0
LF:31
LH:20
end_of_record
SF:lib/presentation/widgets/pokemon/pokemon_circled_type.dart
DA:8,1
DA:10,1
DA:12,1
DA:19,1
DA:21,3
DA:22,1
DA:23,2
DA:24,1
DA:26,0
LF:9
LH:8
end_of_record
SF:lib/presentation/widgets/pokemon/pokemon_favourite_icon.dart
DA:12,1
DA:15,0
DA:16,0
DA:17,0
DA:19,0
DA:21,0
DA:22,0
DA:25,1
DA:28,4
DA:29,1
DA:30,0
DA:31,1
DA:32,1
DA:33,1
DA:34,1
DA:38,1
DA:39,1
DA:40,1
DA:41,1
DA:42,2
DA:44,1
DA:47,1
DA:48,1
DA:49,1
DA:51,1
DA:52,1
DA:53,1
DA:54,2
DA:55,1
DA:59,1
LF:30
LH:23
end_of_record
